Using pre-set license
Built from '2021.3/china_unity/release' branch; Version is '2021.3.33f1c1 (682b9db7927c) revision 6826909'; Using compiler version '192829333'; Build Type 'Release'
OS: 'Windows 10  (10.0.19045) 64bit Professional' Language: 'zh' Physical Memory: 15741 MB
BatchMode: 1, IsHumanControllingUs: 0, StartBugReporterOnCrash: 0, Is64bit: 1, IsPro: 1

COMMAND LINE ARGUMENTS:
C:\Program Files\Unity\Hub\Editor\2021.3.33f1c1\Editor\Unity.exe
-adb2
-batchMode
-noUpm
-name
AssetImportWorker1
-projectPath
F:/Unity 3D/Unity中创建Ultraleap 3Di交互项目
-logFile
Logs/AssetImportWorker1.log
-srvPort
57932
Successfully changed project path to: F:/Unity 3D/Unity中创建Ultraleap 3Di交互项目
F:/Unity 3D/Unity中创建Ultraleap 3Di交互项目
[UnityMemory] Configuration Parameters - Can be set up in boot.config
    "memorysetup-bucket-allocator-granularity=16"
    "memorysetup-bucket-allocator-bucket-count=8"
    "memorysetup-bucket-allocator-block-size=33554432"
    "memorysetup-bucket-allocator-block-count=8"
    "memorysetup-main-allocator-block-size=16777216"
    "memorysetup-thread-allocator-block-size=16777216"
    "memorysetup-gfx-main-allocator-block-size=16777216"
    "memorysetup-gfx-thread-allocator-block-size=16777216"
    "memorysetup-cache-allocator-block-size=4194304"
    "memorysetup-typetree-allocator-block-size=2097152"
    "memorysetup-profiler-bucket-allocator-granularity=16"
    "memorysetup-profiler-bucket-allocator-bucket-count=8"
    "memorysetup-profiler-bucket-allocator-block-size=33554432"
    "memorysetup-profiler-bucket-allocator-block-count=8"
    "memorysetup-profiler-allocator-block-size=16777216"
    "memorysetup-profiler-editor-allocator-block-size=1048576"
    "memorysetup-temp-allocator-size-main=16777216"
    "memorysetup-job-temp-allocator-block-size=2097152"
    "memorysetup-job-temp-allocator-block-size-background=1048576"
    "memorysetup-job-temp-allocator-reduction-small-platforms=262144"
    "memorysetup-temp-allocator-size-background-worker=32768"
    "memorysetup-temp-allocator-size-job-worker=262144"
    "memorysetup-temp-allocator-size-preload-manager=33554432"
    "memorysetup-temp-allocator-size-nav-mesh-worker=65536"
    "memorysetup-temp-allocator-size-audio-worker=65536"
    "memorysetup-temp-allocator-size-cloud-worker=32768"
    "memorysetup-temp-allocator-size-gi-baking-worker=262144"
    "memorysetup-temp-allocator-size-gfx=262144"
Player connection [61748] Host "[IP] 192.168.51.1 [Port] 0 [Flags] 2 [Guid] 1824624912 [EditorId] 1824624912 [Version] 1048832 [Id] WindowsEditor(7,DESKTOP-CSRMN22) [Debug] 1 [PackageName] WindowsEditor [ProjectName] Editor" joined multi-casting on [225.0.0.222:54997]...

Player connection [61748] Host "[IP] 192.168.51.1 [Port] 0 [Flags] 2 [Guid] 1824624912 [EditorId] 1824624912 [Version] 1048832 [Id] WindowsEditor(7,DESKTOP-CSRMN22) [Debug] 1 [PackageName] WindowsEditor [ProjectName] Editor" joined alternative multi-casting on [225.0.0.222:34997]...

AS: AutoStreaming module initializing.
[Physics::Module] Initialized MultithreadedJobDispatcher with {0} workers.
Refreshing native plugins compatible for Editor in 81.57 ms, found 5 plugins.
Preloading 0 native plugins for Editor in 0.00 ms.
Initialize engine version: 2021.3.33f1c1 (682b9db7927c)
[Subsystems] Discovering subsystems at path C:/Program Files/Unity/Hub/Editor/2021.3.33f1c1/Editor/Data/Resources/UnitySubsystems
[Subsystems] Discovering subsystems at path F:/Unity 3D/Unity中创建Ultraleap 3Di交互项目/Assets
GfxDevice: creating device client; threaded=0; jobified=0
Direct3D:
    Version:  Direct3D 11.0 [level 11.1]
    Renderer: NVIDIA GeForce GTX 1650 (ID=0x1f99)
    Vendor:   NVIDIA
    VRAM:     3962 MB
    Driver:   27.21.14.5749
Initialize mono
Mono path[0] = 'C:/Program Files/Unity/Hub/Editor/2021.3.33f1c1/Editor/Data/Managed'
Mono path[1] = 'C:/Program Files/Unity/Hub/Editor/2021.3.33f1c1/Editor/Data/MonoBleedingEdge/lib/mono/unityjit-win32'
Mono config path = 'C:/Program Files/Unity/Hub/Editor/2021.3.33f1c1/Editor/Data/MonoBleedingEdge/etc'
Using monoOptions --debugger-agent=transport=dt_socket,embedding=1,server=y,suspend=n,address=127.0.0.1:56996
Begin MonoManager ReloadAssembly
Registering precompiled unity dll's ...
Register platform support module: C:/Program Files/Unity/Hub/Editor/2021.3.33f1c1/Editor/Data/PlaybackEngines/WindowsStandaloneSupport/UnityEditor.WindowsStandalone.Extensions.dll
Registered in 0.020740 seconds.
Native extension for WindowsStandalone target not found
Refreshing native plugins compatible for Editor in 77.60 ms, found 5 plugins.
Preloading 0 native plugins for Editor in 0.00 ms.
Mono: successfully reloaded assembly
- Completed reload, in  0.864 seconds
Domain Reload Profiling:
	ReloadAssembly (865ms)
		BeginReloadAssembly (177ms)
			ExecutionOrderSort (0ms)
			DisableScriptedObjects (0ms)
			BackupInstance (0ms)
			ReleaseScriptingObjects (0ms)
			CreateAndSetChildDomain (1ms)
		EndReloadAssembly (517ms)
			LoadAssemblies (166ms)
			RebuildTransferFunctionScriptingTraits (0ms)
			SetupTypeCache (124ms)
			ReleaseScriptCaches (0ms)
			RebuildScriptCaches (42ms)
			SetupLoadedEditorAssemblies (287ms)
				LogAssemblyErrors (0ms)
				InitializePlatformSupportModulesInManaged (13ms)
				SetLoadedEditorAssemblies (0ms)
				RefreshPlugins (78ms)
				BeforeProcessingInitializeOnLoad (1ms)
				ProcessInitializeOnLoadAttributes (138ms)
				ProcessInitializeOnLoadMethodAttributes (57ms)
				AfterProcessingInitializeOnLoad (0ms)
				EditorAssembliesLoaded (0ms)
			ExecutionOrderSort2 (0ms)
			AwakeInstancesAfterBackupRestoration (0ms)
Platform modules already initialized, skipping
Registering precompiled user dll's ...
Registered in 0.011115 seconds.
Begin MonoManager ReloadAssembly
Native extension for WindowsStandalone target not found
Refreshing native plugins compatible for Editor in 0.80 ms, found 5 plugins.
Preloading 0 native plugins for Editor in 0.00 ms.
Package Manager log level set to [2]
[Package Manager] Server::EnsureServerProcessIsRunning -- launch failed, reason: Unity was launched with the -noUpm command-line argument
[Package Manager] Cannot connect to Unity Package Manager local server
Mono: successfully reloaded assembly
- Completed reload, in  1.848 seconds
Domain Reload Profiling:
	ReloadAssembly (1849ms)
		BeginReloadAssembly (232ms)
			ExecutionOrderSort (0ms)
			DisableScriptedObjects (6ms)
			BackupInstance (0ms)
			ReleaseScriptingObjects (0ms)
			CreateAndSetChildDomain (22ms)
		EndReloadAssembly (1456ms)
			LoadAssemblies (174ms)
			RebuildTransferFunctionScriptingTraits (0ms)
			SetupTypeCache (288ms)
			ReleaseScriptCaches (1ms)
			RebuildScriptCaches (61ms)
			SetupLoadedEditorAssemblies (958ms)
				LogAssemblyErrors (0ms)
				InitializePlatformSupportModulesInManaged (10ms)
				SetLoadedEditorAssemblies (1ms)
				RefreshPlugins (1ms)
				BeforeProcessingInitializeOnLoad (109ms)
				ProcessInitializeOnLoadAttributes (783ms)
				ProcessInitializeOnLoadMethodAttributes (22ms)
				AfterProcessingInitializeOnLoad (33ms)
				EditorAssembliesLoaded (0ms)
			ExecutionOrderSort2 (0ms)
			AwakeInstancesAfterBackupRestoration (10ms)
Platform modules already initialized, skipping
========================================================================
Worker process is ready to serve import requests
Launched and connected shader compiler UnityShaderCompiler.exe after 0.07 seconds
Refreshing native plugins compatible for Editor in 1.35 ms, found 5 plugins.
Preloading 0 native plugins for Editor in 0.00 ms.
Unloading 3419 Unused Serialized files (Serialized files now loaded: 0)
Unloading 30 unused Assets / (74.5 KB). Loaded Objects now: 3879.
Memory consumption went from 123.5 MB to 123.4 MB.
Total: 6.196600 ms (FindLiveObjects: 1.463000 ms CreateObjectMapping: 0.599100 ms MarkObjects: 3.984100 ms  DeleteObjects: 0.148400 ms)

AssetImportParameters requested are different than current active one (requested -> active):
  custom:video-decoder-ogg-theora: a1e56fd34408186e4bbccfd4996cb3dc -> 
  custom:container-muxer-webm: aa71ff27fc2769a1b78a27578f13a17b -> 
  custom:container-demuxer-webm: 4f35f7cbe854078d1ac9338744f61a02 -> 
  custom:video-encoder-webm-vp8: eb34c28f22e8b96e1ab97ce403110664 -> 
  custom:CustomObjectIndexerAttribute: bc11b3a6c3213fcdd17b65e7da85e133 -> 
  custom:audio-encoder-webm-vorbis: bf7c407c2cedff20999df2af8eb42d56 -> 
  custom:framework-win-MediaFoundation: 216162199b28c13a410421893ffa2e32 -> 
  custom:SearchIndexIgnoredProperties: e643bd26f0fe6173181afceb89e7c659 -> 
  custom:container-demuxer-ogg: 62fdf1f143b41e24485cea50d1cbac27 -> 
  custom:video-decoder-webm-vp8: 9c59270c3fd7afecdb556c50c9e8de78 -> 
  custom:audio-decoder-ogg-vorbis: bf7c407c2cedff20999df2af8eb42d56 -> 
========================================================================
Received Import Request.
  Time since last request: 394995.940028 seconds.
  path: Assets/Samples/Ultraleap Tracking/6.14.0/Interaction Examples/1. XR Examples/2. Building Blocks/3. Menus & UI/1. Basic UI.unity
  artifactKey: Guid(cca654fcbf487ac40b2b8eaa581451c8) Importer(815301076,1909f56bfc062723c751e8b465ee728b)
Number of updated assets reloaded before import = 0
Start importing Assets/Samples/Ultraleap Tracking/6.14.0/Interaction Examples/1. XR Examples/2. Building Blocks/3. Menus & UI/1. Basic UI.unity using Guid(cca654fcbf487ac40b2b8eaa581451c8) Importer(815301076,1909f56bfc062723c751e8b465ee728b)  -> (artifact id: '2d4c33aeaf13e374873e1ebbb154d290') in 0.022927 seconds 
Number of asset objects unloaded after import = 0
========================================================================
Received Import Request.
  Time since last request: 1977.340555 seconds.
  path: Assets/Samples/Ultraleap Tracking/6.14.0/Interaction Examples/Example Assets/Textures/Ultraleap Logo.png
  artifactKey: Guid(454c0f06c76d7e847bd0f8081e7200c2) Importer(815301076,1909f56bfc062723c751e8b465ee728b)
Number of updated assets reloaded before import = 0
Start importing Assets/Samples/Ultraleap Tracking/6.14.0/Interaction Examples/Example Assets/Textures/Ultraleap Logo.png using Guid(454c0f06c76d7e847bd0f8081e7200c2) Importer(815301076,1909f56bfc062723c751e8b465ee728b)  -> (artifact id: '9d313063bfd49300dc1a9a332ac4e5e9') in 0.248911 seconds 
Number of asset objects unloaded after import = 3
========================================================================
Received Import Request.
  Time since last request: 25.242058 seconds.
  path: Assets/Samples/Ultraleap Tracking/6.14.0/Interaction Examples/Example Assets/3D Models/Turntable-line.fbx
  artifactKey: Guid(5d05ca2da1e3f8842a21211fec879f12) Importer(815301076,1909f56bfc062723c751e8b465ee728b)
Number of updated assets reloaded before import = 0
Start importing Assets/Samples/Ultraleap Tracking/6.14.0/Interaction Examples/Example Assets/3D Models/Turntable-line.fbx using Guid(5d05ca2da1e3f8842a21211fec879f12) Importer(815301076,1909f56bfc062723c751e8b465ee728b)  -> (artifact id: '4210449b86a7bdf0a65eca1d41970fe0') in 0.159254 seconds 
Number of asset objects unloaded after import = 7
========================================================================
Received Import Request.
  Time since last request: 0.000037 seconds.
  path: Assets/Samples/Ultraleap Tracking/6.14.0/Interaction Examples/Example Assets/3D Models/Ultraleap_Cube_Interactable.fbx
  artifactKey: Guid(ffbd7d9cd70540c43b3a3236199124f0) Importer(815301076,1909f56bfc062723c751e8b465ee728b)
Number of updated assets reloaded before import = 0
Start importing Assets/Samples/Ultraleap Tracking/6.14.0/Interaction Examples/Example Assets/3D Models/Ultraleap_Cube_Interactable.fbx using Guid(ffbd7d9cd70540c43b3a3236199124f0) Importer(815301076,1909f56bfc062723c751e8b465ee728b)  -> (artifact id: 'fcfbdee1a57cec9c9d46ee06725b98f9') in 0.073150 seconds 
Number of asset objects unloaded after import = 11
========================================================================
Received Import Request.
  Time since last request: 0.000041 seconds.
  path: Assets/Samples/Ultraleap Tracking/6.14.0/Interaction Examples/Example Assets/3D Models/Ultraleap_Cylinder.fbx
  artifactKey: Guid(3e9aac49da2e4bc4e8783952cab8b65a) Importer(815301076,1909f56bfc062723c751e8b465ee728b)
Number of updated assets reloaded before import = 0
Start importing Assets/Samples/Ultraleap Tracking/6.14.0/Interaction Examples/Example Assets/3D Models/Ultraleap_Cylinder.fbx using Guid(3e9aac49da2e4bc4e8783952cab8b65a) Importer(815301076,1909f56bfc062723c751e8b465ee728b)  -> (artifact id: 'dd92254d87fe1e65a8c12797b41d4bfc') in 0.045465 seconds 
Number of asset objects unloaded after import = 10
========================================================================
Received Import Request.
  Time since last request: 0.000027 seconds.
  path: Assets/Samples/Ultraleap Tracking/6.14.0/Interaction Examples/Example Assets/3D Models/Ultraleap_Cube.fbx
  artifactKey: Guid(ed2c706c936646a4e956039e522ae59e) Importer(815301076,1909f56bfc062723c751e8b465ee728b)
Number of updated assets reloaded before import = 0
Start importing Assets/Samples/Ultraleap Tracking/6.14.0/Interaction Examples/Example Assets/3D Models/Ultraleap_Cube.fbx using Guid(ed2c706c936646a4e956039e522ae59e) Importer(815301076,1909f56bfc062723c751e8b465ee728b)  -> (artifact id: '52daa80582490c3fb30ec3ea5f22c89c') in 0.049571 seconds 
Number of asset objects unloaded after import = 10
========================================================================
Received Import Request.
  Time since last request: 0.000038 seconds.
  path: Assets/Samples/Ultraleap Tracking/6.14.0/Interaction Examples/Example Assets/3D Models/Ultraleap_Capsule.fbx
  artifactKey: Guid(79b170290d076c949a568924d966a4b9) Importer(815301076,1909f56bfc062723c751e8b465ee728b)
Number of updated assets reloaded before import = 0
Start importing Assets/Samples/Ultraleap Tracking/6.14.0/Interaction Examples/Example Assets/3D Models/Ultraleap_Capsule.fbx using Guid(79b170290d076c949a568924d966a4b9) Importer(815301076,1909f56bfc062723c751e8b465ee728b)  -> (artifact id: '4f8a47ead3b01e39b77cff13b6c94339') in 0.060024 seconds 
Number of asset objects unloaded after import = 10
========================================================================
Received Import Request.
  Time since last request: 1.379813 seconds.
  path: Assets/Samples/Ultraleap Tracking/6.14.0/Interaction Examples/Example Assets/Font/Now-Bold SDF.asset
  artifactKey: Guid(8e284a199df826847a55dad22f66db6d) Importer(815301076,1909f56bfc062723c751e8b465ee728b)
Number of updated assets reloaded before import = 0
Start importing Assets/Samples/Ultraleap Tracking/6.14.0/Interaction Examples/Example Assets/Font/Now-Bold SDF.asset using Guid(8e284a199df826847a55dad22f66db6d) Importer(815301076,1909f56bfc062723c751e8b465ee728b)  -> (artifact id: '1c356e83cb23b990a7396b59de61f7d7') in 0.095727 seconds 
Number of asset objects unloaded after import = 6
========================================================================
Received Import Request.
  Time since last request: 0.000029 seconds.
  path: Assets/Samples/Ultraleap Tracking/6.14.0/Interaction Examples/Example Assets/Font/Now-Regular.otf
  artifactKey: Guid(bbeaa8436640dcc498518820577e86a3) Importer(815301076,1909f56bfc062723c751e8b465ee728b)
Number of updated assets reloaded before import = 0
Start importing Assets/Samples/Ultraleap Tracking/6.14.0/Interaction Examples/Example Assets/Font/Now-Regular.otf using Guid(bbeaa8436640dcc498518820577e86a3) Importer(815301076,1909f56bfc062723c751e8b465ee728b)  -> (artifact id: '164fde1453aa551bfa7c98dde7be70ec') in 0.049841 seconds 
Number of asset objects unloaded after import = 4
========================================================================
Received Import Request.
  Time since last request: 0.000037 seconds.
  path: Assets/Samples/Ultraleap Tracking/6.14.0/Interaction Examples/Example Assets/Font/Now-Bold.otf
  artifactKey: Guid(9f087c39a7bcfac4ab14615d5dad2ef5) Importer(815301076,1909f56bfc062723c751e8b465ee728b)
Number of updated assets reloaded before import = 0
Start importing Assets/Samples/Ultraleap Tracking/6.14.0/Interaction Examples/Example Assets/Font/Now-Bold.otf using Guid(9f087c39a7bcfac4ab14615d5dad2ef5) Importer(815301076,1909f56bfc062723c751e8b465ee728b)  -> (artifact id: 'b2f364f67f7e8301e264f58b0d4d396f') in 0.044078 seconds 
Number of asset objects unloaded after import = 4
========================================================================
Received Import Request.
  Time since last request: 2.300044 seconds.
  path: Assets/Samples/Ultraleap Tracking/6.14.0/Interaction Examples/Example Assets/Prefabs/Dynamic UI Object (Blue).prefab
  artifactKey: Guid(6d3e45125c02bea4c9c28f57a82c3f6a) Importer(815301076,1909f56bfc062723c751e8b465ee728b)
Number of updated assets reloaded before import = 0
Start importing Assets/Samples/Ultraleap Tracking/6.14.0/Interaction Examples/Example Assets/Prefabs/Dynamic UI Object (Blue).prefab using Guid(6d3e45125c02bea4c9c28f57a82c3f6a) Importer(815301076,1909f56bfc062723c751e8b465ee728b)  -> (artifact id: '32e2a0a70827f7c2d4acf62c1ef79f38') in 0.476895 seconds 
Number of asset objects unloaded after import = 231
========================================================================
Received Import Request.
  Time since last request: 0.000043 seconds.
  path: Assets/Samples/Ultraleap Tracking/6.14.0/Interaction Examples/Example Assets/Prefabs/Dynamic UI Object (Magenta).prefab
  artifactKey: Guid(42e8bd39fe145a8419d212958fac6589) Importer(815301076,1909f56bfc062723c751e8b465ee728b)
Number of updated assets reloaded before import = 0
Start importing Assets/Samples/Ultraleap Tracking/6.14.0/Interaction Examples/Example Assets/Prefabs/Dynamic UI Object (Magenta).prefab using Guid(42e8bd39fe145a8419d212958fac6589) Importer(815301076,1909f56bfc062723c751e8b465ee728b)  -> (artifact id: '4e599224d3ab97929e85976e2355e022') in 0.121930 seconds 
Number of asset objects unloaded after import = 253
========================================================================
Received Import Request.
  Time since last request: 0.000033 seconds.
  path: Assets/Samples/Ultraleap Tracking/6.14.0/Interaction Examples/Example Assets/Prefabs/Dynamic UI Object.prefab
  artifactKey: Guid(b9f0dad90c497f440957662b437836f7) Importer(815301076,1909f56bfc062723c751e8b465ee728b)
Number of updated assets reloaded before import = 0
Start importing Assets/Samples/Ultraleap Tracking/6.14.0/Interaction Examples/Example Assets/Prefabs/Dynamic UI Object.prefab using Guid(b9f0dad90c497f440957662b437836f7) Importer(815301076,1909f56bfc062723c751e8b465ee728b)  -> (artifact id: 'a4754a5dc5220af1690dffa073985478') in 0.046128 seconds 
Number of asset objects unloaded after import = 165
========================================================================
Received Import Request.
  Time since last request: 0.000034 seconds.
  path: Assets/Samples/Ultraleap Tracking/6.14.0/Interaction Examples/Example Assets/Prefabs/Grab Ball.prefab
  artifactKey: Guid(7de8538a4edc3b54e814543f3ad21849) Importer(815301076,1909f56bfc062723c751e8b465ee728b)
Number of updated assets reloaded before import = 0
Start importing Assets/Samples/Ultraleap Tracking/6.14.0/Interaction Examples/Example Assets/Prefabs/Grab Ball.prefab using Guid(7de8538a4edc3b54e814543f3ad21849) Importer(815301076,1909f56bfc062723c751e8b465ee728b)  -> (artifact id: 'ee983d116d9299ed97663f74c7feefd6') in 0.128772 seconds 
Number of asset objects unloaded after import = 22
Editor requested this worker to shutdown with reason: Scaling down because of idle timeout
AssetImportWorker is now disconnected from the server
Process exiting
Exiting without the bug reporter. Application will terminate with return code 0