Using pre-set license
Built from '2021.3/china_unity/release' branch; Version is '2021.3.33f1c1 (682b9db7927c) revision 6826909'; Using compiler version '192829333'; Build Type 'Release'
OS: 'Windows 10  (10.0.19045) 64bit Professional' Language: 'zh' Physical Memory: 15741 MB
BatchMode: 1, IsHumanControllingUs: 0, StartBugReporterOnCrash: 0, Is64bit: 1, IsPro: 1

COMMAND LINE ARGUMENTS:
C:\Program Files\Unity\Hub\Editor\2021.3.33f1c1\Editor\Unity.exe
-adb2
-batchMode
-noUpm
-name
AssetImportWorker1
-projectPath
F:/Unity 3D/test
-logFile
Logs/AssetImportWorker1.log
-srvPort
63009
Successfully changed project path to: F:/Unity 3D/test
F:/Unity 3D/test
[UnityMemory] Configuration Parameters - Can be set up in boot.config
    "memorysetup-bucket-allocator-granularity=16"
    "memorysetup-bucket-allocator-bucket-count=8"
    "memorysetup-bucket-allocator-block-size=33554432"
    "memorysetup-bucket-allocator-block-count=8"
    "memorysetup-main-allocator-block-size=16777216"
    "memorysetup-thread-allocator-block-size=16777216"
    "memorysetup-gfx-main-allocator-block-size=16777216"
    "memorysetup-gfx-thread-allocator-block-size=16777216"
    "memorysetup-cache-allocator-block-size=4194304"
    "memorysetup-typetree-allocator-block-size=2097152"
    "memorysetup-profiler-bucket-allocator-granularity=16"
    "memorysetup-profiler-bucket-allocator-bucket-count=8"
    "memorysetup-profiler-bucket-allocator-block-size=33554432"
    "memorysetup-profiler-bucket-allocator-block-count=8"
    "memorysetup-profiler-allocator-block-size=16777216"
    "memorysetup-profiler-editor-allocator-block-size=1048576"
    "memorysetup-temp-allocator-size-main=16777216"
    "memorysetup-job-temp-allocator-block-size=2097152"
    "memorysetup-job-temp-allocator-block-size-background=1048576"
    "memorysetup-job-temp-allocator-reduction-small-platforms=262144"
    "memorysetup-temp-allocator-size-background-worker=32768"
    "memorysetup-temp-allocator-size-job-worker=262144"
    "memorysetup-temp-allocator-size-preload-manager=33554432"
    "memorysetup-temp-allocator-size-nav-mesh-worker=65536"
    "memorysetup-temp-allocator-size-audio-worker=65536"
    "memorysetup-temp-allocator-size-cloud-worker=32768"
    "memorysetup-temp-allocator-size-gi-baking-worker=262144"
    "memorysetup-temp-allocator-size-gfx=262144"
Player connection [60828] Host "[IP] 192.168.51.1 [Port] 0 [Flags] 2 [Guid] 434829487 [EditorId] 434829487 [Version] 1048832 [Id] WindowsEditor(7,DESKTOP-CSRMN22) [Debug] 1 [PackageName] WindowsEditor [ProjectName] Editor" joined multi-casting on [225.0.0.222:54997]...

Player connection [60828] Host "[IP] 192.168.51.1 [Port] 0 [Flags] 2 [Guid] 434829487 [EditorId] 434829487 [Version] 1048832 [Id] WindowsEditor(7,DESKTOP-CSRMN22) [Debug] 1 [PackageName] WindowsEditor [ProjectName] Editor" joined alternative multi-casting on [225.0.0.222:34997]...

AS: AutoStreaming module initializing.
[Physics::Module] Initialized MultithreadedJobDispatcher with {0} workers.
Refreshing native plugins compatible for Editor in 90.20 ms, found 5 plugins.
Preloading 0 native plugins for Editor in 0.00 ms.
Initialize engine version: 2021.3.33f1c1 (682b9db7927c)
[Subsystems] Discovering subsystems at path C:/Program Files/Unity/Hub/Editor/2021.3.33f1c1/Editor/Data/Resources/UnitySubsystems
[Subsystems] Discovering subsystems at path F:/Unity 3D/test/Assets
GfxDevice: creating device client; threaded=0; jobified=0
Direct3D:
    Version:  Direct3D 11.0 [level 11.1]
    Renderer: NVIDIA GeForce GTX 1650 (ID=0x1f99)
    Vendor:   NVIDIA
    VRAM:     3962 MB
    Driver:   27.21.14.5749
Initialize mono
Mono path[0] = 'C:/Program Files/Unity/Hub/Editor/2021.3.33f1c1/Editor/Data/Managed'
Mono path[1] = 'C:/Program Files/Unity/Hub/Editor/2021.3.33f1c1/Editor/Data/MonoBleedingEdge/lib/mono/unityjit-win32'
Mono config path = 'C:/Program Files/Unity/Hub/Editor/2021.3.33f1c1/Editor/Data/MonoBleedingEdge/etc'
Using monoOptions --debugger-agent=transport=dt_socket,embedding=1,server=y,suspend=n,address=127.0.0.1:56668
Begin MonoManager ReloadAssembly
Registering precompiled unity dll's ...
Register platform support module: C:/Program Files/Unity/Hub/Editor/2021.3.33f1c1/Editor/Data/PlaybackEngines/WindowsStandaloneSupport/UnityEditor.WindowsStandalone.Extensions.dll
Registered in 0.024596 seconds.
Native extension for WindowsStandalone target not found
Refreshing native plugins compatible for Editor in 75.25 ms, found 5 plugins.
Preloading 0 native plugins for Editor in 0.00 ms.
Mono: successfully reloaded assembly
- Completed reload, in  0.976 seconds
Domain Reload Profiling:
	ReloadAssembly (977ms)
		BeginReloadAssembly (260ms)
			ExecutionOrderSort (0ms)
			DisableScriptedObjects (0ms)
			BackupInstance (0ms)
			ReleaseScriptingObjects (0ms)
			CreateAndSetChildDomain (1ms)
		EndReloadAssembly (530ms)
			LoadAssemblies (244ms)
			RebuildTransferFunctionScriptingTraits (0ms)
			SetupTypeCache (140ms)
			ReleaseScriptCaches (0ms)
			RebuildScriptCaches (30ms)
			SetupLoadedEditorAssemblies (277ms)
				LogAssemblyErrors (0ms)
				InitializePlatformSupportModulesInManaged (13ms)
				SetLoadedEditorAssemblies (0ms)
				RefreshPlugins (75ms)
				BeforeProcessingInitializeOnLoad (1ms)
				ProcessInitializeOnLoadAttributes (132ms)
				ProcessInitializeOnLoadMethodAttributes (55ms)
				AfterProcessingInitializeOnLoad (0ms)
				EditorAssembliesLoaded (0ms)
			ExecutionOrderSort2 (0ms)
			AwakeInstancesAfterBackupRestoration (0ms)
Platform modules already initialized, skipping
Registering precompiled user dll's ...
Registered in 0.018208 seconds.
Begin MonoManager ReloadAssembly
Native extension for WindowsStandalone target not found
Refreshing native plugins compatible for Editor in 0.71 ms, found 5 plugins.
Preloading 0 native plugins for Editor in 0.00 ms.
Package Manager log level set to [2]
[Package Manager] Server::EnsureServerProcessIsRunning -- launch failed, reason: Unity was launched with the -noUpm command-line argument
[Package Manager] Cannot connect to Unity Package Manager local server
Mono: successfully reloaded assembly
- Completed reload, in  2.022 seconds
Domain Reload Profiling:
	ReloadAssembly (2023ms)
		BeginReloadAssembly (226ms)
			ExecutionOrderSort (0ms)
			DisableScriptedObjects (6ms)
			BackupInstance (0ms)
			ReleaseScriptingObjects (0ms)
			CreateAndSetChildDomain (21ms)
		EndReloadAssembly (1615ms)
			LoadAssemblies (224ms)
			RebuildTransferFunctionScriptingTraits (0ms)
			SetupTypeCache (306ms)
			ReleaseScriptCaches (1ms)
			RebuildScriptCaches (65ms)
			SetupLoadedEditorAssemblies (1025ms)
				LogAssemblyErrors (0ms)
				InitializePlatformSupportModulesInManaged (11ms)
				SetLoadedEditorAssemblies (1ms)
				RefreshPlugins (1ms)
				BeforeProcessingInitializeOnLoad (133ms)
				ProcessInitializeOnLoadAttributes (809ms)
				ProcessInitializeOnLoadMethodAttributes (23ms)
				AfterProcessingInitializeOnLoad (47ms)
				EditorAssembliesLoaded (0ms)
			ExecutionOrderSort2 (0ms)
			AwakeInstancesAfterBackupRestoration (10ms)
Platform modules already initialized, skipping
========================================================================
Worker process is ready to serve import requests
Launched and connected shader compiler UnityShaderCompiler.exe after 0.06 seconds
Refreshing native plugins compatible for Editor in 1.32 ms, found 5 plugins.
Preloading 0 native plugins for Editor in 0.00 ms.
Unloading 3419 Unused Serialized files (Serialized files now loaded: 0)
Unloading 30 unused Assets / (74.7 KB). Loaded Objects now: 3879.
Memory consumption went from 123.5 MB to 123.4 MB.
Total: 4.530400 ms (FindLiveObjects: 0.467800 ms CreateObjectMapping: 0.192000 ms MarkObjects: 3.723700 ms  DeleteObjects: 0.144300 ms)

AssetImportParameters requested are different than current active one (requested -> active):
  custom:video-decoder-ogg-theora: a1e56fd34408186e4bbccfd4996cb3dc -> 
  custom:container-muxer-webm: aa71ff27fc2769a1b78a27578f13a17b -> 
  custom:container-demuxer-webm: 4f35f7cbe854078d1ac9338744f61a02 -> 
  custom:video-encoder-webm-vp8: eb34c28f22e8b96e1ab97ce403110664 -> 
  custom:CustomObjectIndexerAttribute: bc11b3a6c3213fcdd17b65e7da85e133 -> 
  custom:audio-encoder-webm-vorbis: bf7c407c2cedff20999df2af8eb42d56 -> 
  custom:framework-win-MediaFoundation: 216162199b28c13a410421893ffa2e32 -> 
  custom:SearchIndexIgnoredProperties: e643bd26f0fe6173181afceb89e7c659 -> 
  custom:container-demuxer-ogg: 62fdf1f143b41e24485cea50d1cbac27 -> 
  custom:video-decoder-webm-vp8: 9c59270c3fd7afecdb556c50c9e8de78 -> 
  custom:audio-decoder-ogg-vorbis: bf7c407c2cedff20999df2af8eb42d56 -> 
========================================================================
Received Import Request.
  Time since last request: 398830.402686 seconds.
  path: Assets/Samples/Ultraleap Tracking/6.14.0/Interaction Examples/Example Assets/Textures/Physical Hands/SmokeParticle.png
  artifactKey: Guid(ea0f2e79fbf260149ad7a8fdc657049e) Importer(815301076,1909f56bfc062723c751e8b465ee728b)
Number of updated assets reloaded before import = 0
Start importing Assets/Samples/Ultraleap Tracking/6.14.0/Interaction Examples/Example Assets/Textures/Physical Hands/SmokeParticle.png using Guid(ea0f2e79fbf260149ad7a8fdc657049e) Importer(815301076,1909f56bfc062723c751e8b465ee728b)  -> (artifact id: '1d14c2574fdebea21fea236da825ed2e') in 0.194767 seconds 
Number of asset objects unloaded after import = 3
========================================================================
Received Import Request.
  Time since last request: 0.000042 seconds.
  path: Assets/Samples/Ultraleap Tracking/6.14.0/Interaction Examples/Example Assets/Textures/Physical Hands/Hard Contact-large.png
  artifactKey: Guid(fc2104301eb305a429afdaaa3cfdeb6a) Importer(815301076,1909f56bfc062723c751e8b465ee728b)
Number of updated assets reloaded before import = 0
Start importing Assets/Samples/Ultraleap Tracking/6.14.0/Interaction Examples/Example Assets/Textures/Physical Hands/Hard Contact-large.png using Guid(fc2104301eb305a429afdaaa3cfdeb6a) Importer(815301076,1909f56bfc062723c751e8b465ee728b)  -> (artifact id: '6e09e2b7c62234887f11e620364008af') in 0.147063 seconds 
Number of asset objects unloaded after import = 3
========================================================================
Received Prepare
Registering precompiled user dll's ...
Registered in 0.010949 seconds.
Begin MonoManager ReloadAssembly
Native extension for WindowsStandalone target not found
Refreshing native plugins compatible for Editor in 1.05 ms, found 5 plugins.
Preloading 0 native plugins for Editor in 0.00 ms.
[Package Manager] Server::EnsureServerProcessIsRunning -- launch failed, reason: Unity was launched with the -noUpm command-line argument
[Package Manager] Cannot connect to Unity Package Manager local server
Mono: successfully reloaded assembly
- Completed reload, in  1.944 seconds
Domain Reload Profiling:
	ReloadAssembly (1944ms)
		BeginReloadAssembly (267ms)
			ExecutionOrderSort (0ms)
			DisableScriptedObjects (5ms)
			BackupInstance (0ms)
			ReleaseScriptingObjects (0ms)
			CreateAndSetChildDomain (42ms)
		EndReloadAssembly (1509ms)
			LoadAssemblies (211ms)
			RebuildTransferFunctionScriptingTraits (0ms)
			SetupTypeCache (312ms)
			ReleaseScriptCaches (1ms)
			RebuildScriptCaches (53ms)
			SetupLoadedEditorAssemblies (950ms)
				LogAssemblyErrors (0ms)
				InitializePlatformSupportModulesInManaged (14ms)
				SetLoadedEditorAssemblies (1ms)
				RefreshPlugins (1ms)
				BeforeProcessingInitializeOnLoad (105ms)
				ProcessInitializeOnLoadAttributes (768ms)
				ProcessInitializeOnLoadMethodAttributes (25ms)
				AfterProcessingInitializeOnLoad (36ms)
				EditorAssembliesLoaded (0ms)
			ExecutionOrderSort2 (0ms)
			AwakeInstancesAfterBackupRestoration (10ms)
Platform modules already initialized, skipping
Refreshing native plugins compatible for Editor in 1.10 ms, found 5 plugins.
Preloading 0 native plugins for Editor in 0.00 ms.
Unloading 3392 Unused Serialized files (Serialized files now loaded: 0)
Unloading 25 unused Assets / (48.4 KB). Loaded Objects now: 3891.
Memory consumption went from 125.6 MB to 125.5 MB.
Total: 3.590300 ms (FindLiveObjects: 0.359400 ms CreateObjectMapping: 0.223000 ms MarkObjects: 2.887700 ms  DeleteObjects: 0.117800 ms)

AssetImportParameters requested are different than current active one (requested -> active):
  custom:video-decoder-ogg-theora: a1e56fd34408186e4bbccfd4996cb3dc -> 
  custom:container-muxer-webm: aa71ff27fc2769a1b78a27578f13a17b -> 
  custom:container-demuxer-webm: 4f35f7cbe854078d1ac9338744f61a02 -> 
  custom:video-encoder-webm-vp8: eb34c28f22e8b96e1ab97ce403110664 -> 
  custom:CustomObjectIndexerAttribute: bc11b3a6c3213fcdd17b65e7da85e133 -> 
  custom:audio-encoder-webm-vorbis: bf7c407c2cedff20999df2af8eb42d56 -> 
  custom:framework-win-MediaFoundation: 216162199b28c13a410421893ffa2e32 -> 
  custom:SearchIndexIgnoredProperties: e643bd26f0fe6173181afceb89e7c659 -> 
  custom:container-demuxer-ogg: 62fdf1f143b41e24485cea50d1cbac27 -> 
  custom:video-decoder-webm-vp8: 9c59270c3fd7afecdb556c50c9e8de78 -> 
  custom:audio-decoder-ogg-vorbis: bf7c407c2cedff20999df2af8eb42d56 -> 
========================================================================
Received Prepare
Registering precompiled user dll's ...
Registered in 0.015478 seconds.
Begin MonoManager ReloadAssembly
Native extension for WindowsStandalone target not found
Refreshing native plugins compatible for Editor in 0.76 ms, found 5 plugins.
Preloading 0 native plugins for Editor in 0.00 ms.
[Package Manager] Server::EnsureServerProcessIsRunning -- launch failed, reason: Unity was launched with the -noUpm command-line argument
[Package Manager] Cannot connect to Unity Package Manager local server
Mono: successfully reloaded assembly
- Completed reload, in  1.837 seconds
Domain Reload Profiling:
	ReloadAssembly (1838ms)
		BeginReloadAssembly (227ms)
			ExecutionOrderSort (0ms)
			DisableScriptedObjects (5ms)
			BackupInstance (0ms)
			ReleaseScriptingObjects (0ms)
			CreateAndSetChildDomain (34ms)
		EndReloadAssembly (1470ms)
			LoadAssemblies (187ms)
			RebuildTransferFunctionScriptingTraits (0ms)
			SetupTypeCache (297ms)
			ReleaseScriptCaches (1ms)
			RebuildScriptCaches (65ms)
			SetupLoadedEditorAssemblies (904ms)
				LogAssemblyErrors (0ms)
				InitializePlatformSupportModulesInManaged (12ms)
				SetLoadedEditorAssemblies (1ms)
				RefreshPlugins (1ms)
				BeforeProcessingInitializeOnLoad (84ms)
				ProcessInitializeOnLoadAttributes (745ms)
				ProcessInitializeOnLoadMethodAttributes (25ms)
				AfterProcessingInitializeOnLoad (38ms)
				EditorAssembliesLoaded (0ms)
			ExecutionOrderSort2 (0ms)
			AwakeInstancesAfterBackupRestoration (9ms)
Platform modules already initialized, skipping
Refreshing native plugins compatible for Editor in 1.11 ms, found 5 plugins.
Preloading 0 native plugins for Editor in 0.00 ms.
Unloading 3392 Unused Serialized files (Serialized files now loaded: 0)
Unloading 25 unused Assets / (48.3 KB). Loaded Objects now: 3894.
Memory consumption went from 125.6 MB to 125.6 MB.
Total: 3.687000 ms (FindLiveObjects: 0.377300 ms CreateObjectMapping: 0.297200 ms MarkObjects: 2.925100 ms  DeleteObjects: 0.085600 ms)

AssetImportParameters requested are different than current active one (requested -> active):
  custom:video-decoder-ogg-theora: a1e56fd34408186e4bbccfd4996cb3dc -> 
  custom:container-muxer-webm: aa71ff27fc2769a1b78a27578f13a17b -> 
  custom:container-demuxer-webm: 4f35f7cbe854078d1ac9338744f61a02 -> 
  custom:video-encoder-webm-vp8: eb34c28f22e8b96e1ab97ce403110664 -> 
  custom:CustomObjectIndexerAttribute: bc11b3a6c3213fcdd17b65e7da85e133 -> 
  custom:audio-encoder-webm-vorbis: bf7c407c2cedff20999df2af8eb42d56 -> 
  custom:framework-win-MediaFoundation: 216162199b28c13a410421893ffa2e32 -> 
  custom:SearchIndexIgnoredProperties: e643bd26f0fe6173181afceb89e7c659 -> 
  custom:container-demuxer-ogg: 62fdf1f143b41e24485cea50d1cbac27 -> 
  custom:video-decoder-webm-vp8: 9c59270c3fd7afecdb556c50c9e8de78 -> 
  custom:audio-decoder-ogg-vorbis: bf7c407c2cedff20999df2af8eb42d56 -> 
========================================================================
Received Prepare
Registering precompiled user dll's ...
Registered in 0.014294 seconds.
Begin MonoManager ReloadAssembly
Native extension for WindowsStandalone target not found
Refreshing native plugins compatible for Editor in 0.74 ms, found 5 plugins.
Preloading 0 native plugins for Editor in 0.00 ms.
[Package Manager] Server::EnsureServerProcessIsRunning -- launch failed, reason: Unity was launched with the -noUpm command-line argument
[Package Manager] Cannot connect to Unity Package Manager local server
Mono: successfully reloaded assembly
- Completed reload, in  1.843 seconds
Domain Reload Profiling:
	ReloadAssembly (1843ms)
		BeginReloadAssembly (250ms)
			ExecutionOrderSort (0ms)
			DisableScriptedObjects (5ms)
			BackupInstance (0ms)
			ReleaseScriptingObjects (0ms)
			CreateAndSetChildDomain (41ms)
		EndReloadAssembly (1439ms)
			LoadAssemblies (191ms)
			RebuildTransferFunctionScriptingTraits (0ms)
			SetupTypeCache (284ms)
			ReleaseScriptCaches (2ms)
			RebuildScriptCaches (44ms)
			SetupLoadedEditorAssemblies (937ms)
				LogAssemblyErrors (0ms)
				InitializePlatformSupportModulesInManaged (11ms)
				SetLoadedEditorAssemblies (0ms)
				RefreshPlugins (1ms)
				BeforeProcessingInitializeOnLoad (100ms)
				ProcessInitializeOnLoadAttributes (754ms)
				ProcessInitializeOnLoadMethodAttributes (25ms)
				AfterProcessingInitializeOnLoad (46ms)
				EditorAssembliesLoaded (0ms)
			ExecutionOrderSort2 (0ms)
			AwakeInstancesAfterBackupRestoration (13ms)
Platform modules already initialized, skipping
Refreshing native plugins compatible for Editor in 1.22 ms, found 5 plugins.
Preloading 0 native plugins for Editor in 0.00 ms.
Unloading 3392 Unused Serialized files (Serialized files now loaded: 0)
Unloading 25 unused Assets / (48.3 KB). Loaded Objects now: 3897.
Memory consumption went from 125.6 MB to 125.6 MB.
Total: 3.651000 ms (FindLiveObjects: 0.410200 ms CreateObjectMapping: 0.190900 ms MarkObjects: 2.949600 ms  DeleteObjects: 0.099100 ms)

AssetImportParameters requested are different than current active one (requested -> active):
  custom:video-decoder-ogg-theora: a1e56fd34408186e4bbccfd4996cb3dc -> 
  custom:container-muxer-webm: aa71ff27fc2769a1b78a27578f13a17b -> 
  custom:container-demuxer-webm: 4f35f7cbe854078d1ac9338744f61a02 -> 
  custom:video-encoder-webm-vp8: eb34c28f22e8b96e1ab97ce403110664 -> 
  custom:CustomObjectIndexerAttribute: bc11b3a6c3213fcdd17b65e7da85e133 -> 
  custom:audio-encoder-webm-vorbis: bf7c407c2cedff20999df2af8eb42d56 -> 
  custom:framework-win-MediaFoundation: 216162199b28c13a410421893ffa2e32 -> 
  custom:SearchIndexIgnoredProperties: e643bd26f0fe6173181afceb89e7c659 -> 
  custom:container-demuxer-ogg: 62fdf1f143b41e24485cea50d1cbac27 -> 
  custom:video-decoder-webm-vp8: 9c59270c3fd7afecdb556c50c9e8de78 -> 
  custom:audio-decoder-ogg-vorbis: bf7c407c2cedff20999df2af8eb42d56 -> 
========================================================================
Received Import Request.
  Time since last request: 770.011201 seconds.
  path: Assets/Samples/Ultraleap Tracking/6.14.0/Interaction Examples/Example Assets/Materials/White.mat
  artifactKey: Guid(c6dfb1e9dc9b80d498902280f13a1a5a) Importer(815301076,1909f56bfc062723c751e8b465ee728b)
Number of updated assets reloaded before import = 0
Start importing Assets/Samples/Ultraleap Tracking/6.14.0/Interaction Examples/Example Assets/Materials/White.mat using Guid(c6dfb1e9dc9b80d498902280f13a1a5a) Importer(815301076,1909f56bfc062723c751e8b465ee728b)  -> (artifact id: 'd1b43d77c73b01cb052f94a5b8ee3908') in 0.103952 seconds 
Number of asset objects unloaded after import = 1
========================================================================
Received Import Request.
  Time since last request: 0.000043 seconds.
  path: Assets/Samples/Ultraleap Tracking/6.14.0/Interaction Examples/Example Assets/Hands (URP)/Materials/URP_Outline_Base.mat
  artifactKey: Guid(e7651a03291328040a35844843863bf3) Importer(815301076,1909f56bfc062723c751e8b465ee728b)
Number of updated assets reloaded before import = 0
Start importing Assets/Samples/Ultraleap Tracking/6.14.0/Interaction Examples/Example Assets/Hands (URP)/Materials/URP_Outline_Base.mat using Guid(e7651a03291328040a35844843863bf3) Importer(815301076,1909f56bfc062723c751e8b465ee728b)  -> (artifact id: '0aeeadcad5ee41cd1a3bf3e141f9d41e') in 0.024506 seconds 
Number of asset objects unloaded after import = 1
========================================================================
Received Import Request.
  Time since last request: 5.532010 seconds.
  path: Assets/Samples/Ultraleap Tracking/6.14.0/Interaction Examples/Example Assets/Hands (URP)/Materials/URP_LowPolyHand.mat
  artifactKey: Guid(7a88c3088d3a9f44fb8448700b7a30d2) Importer(815301076,1909f56bfc062723c751e8b465ee728b)
Number of updated assets reloaded before import = 0
Start importing Assets/Samples/Ultraleap Tracking/6.14.0/Interaction Examples/Example Assets/Hands (URP)/Materials/URP_LowPolyHand.mat using Guid(7a88c3088d3a9f44fb8448700b7a30d2) Importer(815301076,1909f56bfc062723c751e8b465ee728b)  -> (artifact id: '2139315398872a4db076cc52ef501105') in 0.021203 seconds 
Number of asset objects unloaded after import = 1
========================================================================
Received Import Request.
  Time since last request: 0.058914 seconds.
  path: Assets/Samples/Ultraleap Tracking/6.14.0/Interaction Examples/Example Assets/Hands (URP)/Materials/URP_Ghost.mat
  artifactKey: Guid(400a433f45caaef479e1261bce152676) Importer(815301076,1909f56bfc062723c751e8b465ee728b)
Number of updated assets reloaded before import = 0
Start importing Assets/Samples/Ultraleap Tracking/6.14.0/Interaction Examples/Example Assets/Hands (URP)/Materials/URP_Ghost.mat using Guid(400a433f45caaef479e1261bce152676) Importer(815301076,1909f56bfc062723c751e8b465ee728b)  -> (artifact id: 'f577b5d2333f44d585504b08691c1a89') in 0.022870 seconds 
Number of asset objects unloaded after import = 2
========================================================================
Received Import Request.
  Time since last request: 0.993263 seconds.
  path: Assets/Samples/Ultraleap Tracking/6.14.0/Interaction Examples/Example Assets/Hands (URP)/Materials/URP_Base.mat
  artifactKey: Guid(81a6f3c977c1c3e42b7f20c573588fc9) Importer(815301076,1909f56bfc062723c751e8b465ee728b)
Number of updated assets reloaded before import = 0
Start importing Assets/Samples/Ultraleap Tracking/6.14.0/Interaction Examples/Example Assets/Hands (URP)/Materials/URP_Base.mat using Guid(81a6f3c977c1c3e42b7f20c573588fc9) Importer(815301076,1909f56bfc062723c751e8b465ee728b)  -> (artifact id: '4fe807d32ad6823568181510e7095b18') in 0.023620 seconds 
Number of asset objects unloaded after import = 2
========================================================================
Received Import Request.
  Time since last request: 0.000031 seconds.
  path: Assets/Samples/Ultraleap Tracking/6.14.0/Interaction Examples/Example Assets/Materials/TurntableLine.mat
  artifactKey: Guid(c9dc7e267aac0b84eb907505fd44216d) Importer(815301076,1909f56bfc062723c751e8b465ee728b)
Number of updated assets reloaded before import = 0
Start importing Assets/Samples/Ultraleap Tracking/6.14.0/Interaction Examples/Example Assets/Materials/TurntableLine.mat using Guid(c9dc7e267aac0b84eb907505fd44216d) Importer(815301076,1909f56bfc062723c751e8b465ee728b)  -> (artifact id: 'cc02d061635e5dc84cb9d1d3b2c8db19') in 0.022866 seconds 
Number of asset objects unloaded after import = 1
========================================================================
Received Import Request.
  Time since last request: 0.046359 seconds.
  path: Assets/Samples/Ultraleap Tracking/6.14.0/Interaction Examples/Example Assets/Materials/Physical Hands/Toytrain-carriage.mat
  artifactKey: Guid(d17cd2adfec53d84ba1dfd1ac88ceb87) Importer(815301076,1909f56bfc062723c751e8b465ee728b)
Number of updated assets reloaded before import = 0
Start importing Assets/Samples/Ultraleap Tracking/6.14.0/Interaction Examples/Example Assets/Materials/Physical Hands/Toytrain-carriage.mat using Guid(d17cd2adfec53d84ba1dfd1ac88ceb87) Importer(815301076,1909f56bfc062723c751e8b465ee728b)  -> (artifact id: '2801a2cf9b4897afb00e72701018849a') in 0.023001 seconds 
Number of asset objects unloaded after import = 1
========================================================================
Received Import Request.
  Time since last request: 0.000026 seconds.
  path: Assets/Samples/Ultraleap Tracking/6.14.0/Interaction Examples/Example Assets/Materials/Physical Hands/Toytrain-magnet.mat
  artifactKey: Guid(3570bd2d39f4331498b56585c64cbda2) Importer(815301076,1909f56bfc062723c751e8b465ee728b)
Number of updated assets reloaded before import = 0
Start importing Assets/Samples/Ultraleap Tracking/6.14.0/Interaction Examples/Example Assets/Materials/Physical Hands/Toytrain-magnet.mat using Guid(3570bd2d39f4331498b56585c64cbda2) Importer(815301076,1909f56bfc062723c751e8b465ee728b)  -> (artifact id: '3f775dcea4dc040c00f9dfb8bd159d95') in 0.022838 seconds 
Number of asset objects unloaded after import = 1
========================================================================
Received Import Request.
  Time since last request: 0.187242 seconds.
  path: Assets/Samples/Ultraleap Tracking/6.14.0/Interaction Examples/Example Assets/Materials/Physical Hands/Tablet-button.mat
  artifactKey: Guid(7c6d69ae2aabcee4fbe56e4fb2638238) Importer(815301076,1909f56bfc062723c751e8b465ee728b)
Number of updated assets reloaded before import = 0
Start importing Assets/Samples/Ultraleap Tracking/6.14.0/Interaction Examples/Example Assets/Materials/Physical Hands/Tablet-button.mat using Guid(7c6d69ae2aabcee4fbe56e4fb2638238) Importer(815301076,1909f56bfc062723c751e8b465ee728b)  -> (artifact id: '1020ed023460c3166c1058dcf827a936') in 0.021296 seconds 
Number of asset objects unloaded after import = 1
========================================================================
Received Import Request.
  Time since last request: 0.082373 seconds.
  path: Assets/TextMesh Pro/Examples & Extras/Materials/Small Crate_diffuse.mat
  artifactKey: Guid(22262639920f43d6be32430e4e58350d) Importer(815301076,1909f56bfc062723c751e8b465ee728b)
Number of updated assets reloaded before import = 0
Start importing Assets/TextMesh Pro/Examples & Extras/Materials/Small Crate_diffuse.mat using Guid(22262639920f43d6be32430e4e58350d) Importer(815301076,1909f56bfc062723c751e8b465ee728b)  -> (artifact id: 'd579926a5660c8cd648d431756f6c581') in 0.259216 seconds 
Number of asset objects unloaded after import = 3
========================================================================
Received Import Request.
  Time since last request: 2.990146 seconds.
  path: Assets/Samples/Ultraleap Tracking/6.14.0/Interaction Examples/Example Assets/Materials/Physical Hands/RocketSmokeMaterial.mat
  artifactKey: Guid(e4ff4c15186b6a546b0e2c6d7c43c3ec) Importer(815301076,1909f56bfc062723c751e8b465ee728b)
Number of updated assets reloaded before import = 0
Start importing Assets/Samples/Ultraleap Tracking/6.14.0/Interaction Examples/Example Assets/Materials/Physical Hands/RocketSmokeMaterial.mat using Guid(e4ff4c15186b6a546b0e2c6d7c43c3ec) Importer(815301076,1909f56bfc062723c751e8b465ee728b)  -> (artifact id: '0d14c5469bc8358d7c1e2cce43d1e73c') in 0.032036 seconds 
Number of asset objects unloaded after import = 2
========================================================================
Received Import Request.
  Time since last request: 2.589645 seconds.
  path: Assets/TextMesh Pro/Examples & Extras/Resources/Fonts & Materials/Roboto-Bold SDF - Surface.mat
  artifactKey: Guid(e6b276ec991f467aa14ef1f3cc665993) Importer(815301076,1909f56bfc062723c751e8b465ee728b)
Number of updated assets reloaded before import = 0
Start importing Assets/TextMesh Pro/Examples & Extras/Resources/Fonts & Materials/Roboto-Bold SDF - Surface.mat using Guid(e6b276ec991f467aa14ef1f3cc665993) Importer(815301076,1909f56bfc062723c751e8b465ee728b)  -> (artifact id: '9da3487dde9cc2899f3feeedea71ec60') in 0.155807 seconds 
Number of asset objects unloaded after import = 2
========================================================================
Received Import Request.
  Time since last request: 0.000027 seconds.
  path: Assets/TextMesh Pro/Examples & Extras/Resources/Fonts & Materials/Oswald Bold SDF.asset
  artifactKey: Guid(0161d805a3764c089bef00bfe00793f5) Importer(815301076,1909f56bfc062723c751e8b465ee728b)
Number of updated assets reloaded before import = 0
Start importing Assets/TextMesh Pro/Examples & Extras/Resources/Fonts & Materials/Oswald Bold SDF.asset using Guid(0161d805a3764c089bef00bfe00793f5) Importer(815301076,1909f56bfc062723c751e8b465ee728b)  -> (artifact id: 'df1a22504982c162061b0dbb5baf1ef7') in 0.059174 seconds 
Number of asset objects unloaded after import = 6
========================================================================
Received Import Request.
  Time since last request: 0.097479 seconds.
  path: Assets/Samples/Ultraleap Tracking/6.14.0/Interaction Examples/Example Assets/Materials/No Name.mat
  artifactKey: Guid(0e06bc9005c025b4aa939d31f6e78e20) Importer(815301076,1909f56bfc062723c751e8b465ee728b)
Number of updated assets reloaded before import = 0
Start importing Assets/Samples/Ultraleap Tracking/6.14.0/Interaction Examples/Example Assets/Materials/No Name.mat using Guid(0e06bc9005c025b4aa939d31f6e78e20) Importer(815301076,1909f56bfc062723c751e8b465ee728b)  -> (artifact id: '6119d55bd3b4f7b0a56f61a2bf229ff2') in 0.024412 seconds 
Number of asset objects unloaded after import = 1
========================================================================
Received Import Request.
  Time since last request: 0.048553 seconds.
  path: Assets/Samples/Ultraleap Tracking/6.14.0/Interaction Examples/Example Assets/Materials/Physical Hands/MatteYellow.mat
  artifactKey: Guid(a8adf0fc821094d4087472399ece76d5) Importer(815301076,1909f56bfc062723c751e8b465ee728b)
Number of updated assets reloaded before import = 0
Start importing Assets/Samples/Ultraleap Tracking/6.14.0/Interaction Examples/Example Assets/Materials/Physical Hands/MatteYellow.mat using Guid(a8adf0fc821094d4087472399ece76d5) Importer(815301076,1909f56bfc062723c751e8b465ee728b)  -> (artifact id: 'eae51f0356a8d2ea7a5f0fe680009fd8') in 0.025197 seconds 
Number of asset objects unloaded after import = 1
========================================================================
Received Import Request.
  Time since last request: 0.001112 seconds.
  path: Assets/Samples/Ultraleap Tracking/6.14.0/Interaction Examples/Example Assets/Materials/Physical Hands/MatteVeryLightYellow.mat
  artifactKey: Guid(7de640bd1b9c78a459112c32a1d4fcc0) Importer(815301076,1909f56bfc062723c751e8b465ee728b)
Number of updated assets reloaded before import = 0
Start importing Assets/Samples/Ultraleap Tracking/6.14.0/Interaction Examples/Example Assets/Materials/Physical Hands/MatteVeryLightYellow.mat using Guid(7de640bd1b9c78a459112c32a1d4fcc0) Importer(815301076,1909f56bfc062723c751e8b465ee728b)  -> (artifact id: 'bc852cc4d8077beaa2b0fdc2d3dd0db3') in 0.024541 seconds 
Number of asset objects unloaded after import = 1
========================================================================
Received Import Request.
  Time since last request: 0.359347 seconds.
  path: Assets/Samples/Ultraleap Tracking/6.14.0/Interaction Examples/Example Assets/Materials/Physical Hands/MattePurple.mat
  artifactKey: Guid(2fa05b03360a1fb4c933ebc7a30873ac) Importer(815301076,1909f56bfc062723c751e8b465ee728b)
Number of updated assets reloaded before import = 0
Start importing Assets/Samples/Ultraleap Tracking/6.14.0/Interaction Examples/Example Assets/Materials/Physical Hands/MattePurple.mat using Guid(2fa05b03360a1fb4c933ebc7a30873ac) Importer(815301076,1909f56bfc062723c751e8b465ee728b)  -> (artifact id: '2388e5da420cb09fe21f0ac6f5899e35') in 0.025439 seconds 
Number of asset objects unloaded after import = 1
========================================================================
Received Import Request.
  Time since last request: 0.000038 seconds.
  path: Assets/Samples/Ultraleap Tracking/6.14.0/Interaction Examples/Example Assets/Materials/Physical Hands/MatteMediumLightBlue.mat
  artifactKey: Guid(006847b5279498442bc641e777d2ec54) Importer(815301076,1909f56bfc062723c751e8b465ee728b)
Number of updated assets reloaded before import = 0
Start importing Assets/Samples/Ultraleap Tracking/6.14.0/Interaction Examples/Example Assets/Materials/Physical Hands/MatteMediumLightBlue.mat using Guid(006847b5279498442bc641e777d2ec54) Importer(815301076,1909f56bfc062723c751e8b465ee728b)  -> (artifact id: '70e616940aadc6f3718cd1d32937bdc3') in 0.024729 seconds 
Number of asset objects unloaded after import = 1
========================================================================
Received Import Request.
  Time since last request: 0.053121 seconds.
  path: Assets/Samples/Ultraleap Tracking/6.14.0/Interaction Examples/Example Assets/Materials/Physical Hands/MatteGrey.mat
  artifactKey: Guid(8748f3e035e707e44997d3f72091272c) Importer(815301076,1909f56bfc062723c751e8b465ee728b)
Number of updated assets reloaded before import = 0
Start importing Assets/Samples/Ultraleap Tracking/6.14.0/Interaction Examples/Example Assets/Materials/Physical Hands/MatteGrey.mat using Guid(8748f3e035e707e44997d3f72091272c) Importer(815301076,1909f56bfc062723c751e8b465ee728b)  -> (artifact id: 'bf4ba4e9199b903f68e402893e8f52b2') in 0.021838 seconds 
Number of asset objects unloaded after import = 1
========================================================================
Received Import Request.
  Time since last request: 0.000823 seconds.
  path: Assets/Samples/Ultraleap Tracking/6.14.0/Interaction Examples/Example Assets/Materials/Physical Hands/MatteDarkBlue.mat
  artifactKey: Guid(1b5c1411def6d344a93d23bf8720ead9) Importer(815301076,1909f56bfc062723c751e8b465ee728b)
Number of updated assets reloaded before import = 0
Start importing Assets/Samples/Ultraleap Tracking/6.14.0/Interaction Examples/Example Assets/Materials/Physical Hands/MatteDarkBlue.mat using Guid(1b5c1411def6d344a93d23bf8720ead9) Importer(815301076,1909f56bfc062723c751e8b465ee728b)  -> (artifact id: '7c665912bba0fc4095ec04d5c5273701') in 0.024004 seconds 
Number of asset objects unloaded after import = 1
========================================================================
Received Import Request.
  Time since last request: 0.172218 seconds.
  path: Assets/Samples/Ultraleap Tracking/6.14.0/Interaction Examples/Example Assets/Materials/Physical Hands/MatteBabyBlue.mat
  artifactKey: Guid(afa9438a63d293440a5fc0c57d46941b) Importer(815301076,1909f56bfc062723c751e8b465ee728b)
Number of updated assets reloaded before import = 0
Start importing Assets/Samples/Ultraleap Tracking/6.14.0/Interaction Examples/Example Assets/Materials/Physical Hands/MatteBabyBlue.mat using Guid(afa9438a63d293440a5fc0c57d46941b) Importer(815301076,1909f56bfc062723c751e8b465ee728b)  -> (artifact id: '44010a0362c52a2e1c5485e5aa86d00c') in 0.026604 seconds 
Number of asset objects unloaded after import = 1
========================================================================
Received Import Request.
  Time since last request: 0.000037 seconds.
  path: Assets/TextMesh Pro/Examples & Extras/Resources/Fonts & Materials/LiberationSans SDF - Overlay.mat
  artifactKey: Guid(9ad269c99dcf42b7aedefd83dd5a7b9d) Importer(815301076,1909f56bfc062723c751e8b465ee728b)
Number of updated assets reloaded before import = 0
Start importing Assets/TextMesh Pro/Examples & Extras/Resources/Fonts & Materials/LiberationSans SDF - Overlay.mat using Guid(9ad269c99dcf42b7aedefd83dd5a7b9d) Importer(815301076,1909f56bfc062723c751e8b465ee728b)  -> (artifact id: '25bfad465af191f880dc3a6f1969ba8b') in 0.051754 seconds 
Number of asset objects unloaded after import = 2
========================================================================
Received Import Request.
  Time since last request: 0.000029 seconds.
  path: Assets/TextMesh Pro/Resources/Fonts & Materials/LiberationSans SDF.asset
  artifactKey: Guid(8f586378b4e144a9851e7b34d9b748ee) Importer(815301076,1909f56bfc062723c751e8b465ee728b)
Number of updated assets reloaded before import = 0
Start importing Assets/TextMesh Pro/Resources/Fonts & Materials/LiberationSans SDF.asset using Guid(8f586378b4e144a9851e7b34d9b748ee) Importer(815301076,1909f56bfc062723c751e8b465ee728b)  -> (artifact id: '11fd5fe439d8faabf5bf4f4ab7f30690') in 0.048070 seconds 
Number of asset objects unloaded after import = 9
========================================================================
Received Import Request.
  Time since last request: 0.113066 seconds.
  path: Assets/TextMesh Pro/Resources/Fonts & Materials/LiberationSans SDF - Outline.mat
  artifactKey: Guid(79459efec17a4d00a321bdcc27bbc385) Importer(815301076,1909f56bfc062723c751e8b465ee728b)
Number of updated assets reloaded before import = 0
Start importing Assets/TextMesh Pro/Resources/Fonts & Materials/LiberationSans SDF - Outline.mat using Guid(79459efec17a4d00a321bdcc27bbc385) Importer(815301076,1909f56bfc062723c751e8b465ee728b)  -> (artifact id: '43934258af65dda1945174324b97e3dc') in 0.095544 seconds 
Number of asset objects unloaded after import = 2
========================================================================
Received Import Request.
  Time since last request: 0.000026 seconds.
  path: Assets/Samples/Ultraleap Tracking/6.14.0/Interaction Examples/Example Assets/Materials/Interactable_Colour.mat
  artifactKey: Guid(94349080088ec1f409368ae9716f875e) Importer(815301076,1909f56bfc062723c751e8b465ee728b)
Number of updated assets reloaded before import = 0
Start importing Assets/Samples/Ultraleap Tracking/6.14.0/Interaction Examples/Example Assets/Materials/Interactable_Colour.mat using Guid(94349080088ec1f409368ae9716f875e) Importer(815301076,1909f56bfc062723c751e8b465ee728b)  -> (artifact id: '3ac4dcaa90b3dfffd157746e50ac91ad') in 0.024430 seconds 
Number of asset objects unloaded after import = 1
========================================================================
Received Import Request.
  Time since last request: 0.000030 seconds.
  path: Assets/TextMesh Pro/Resources/Fonts & Materials/LiberationSans SDF - Drop Shadow.mat
  artifactKey: Guid(e73a58f6e2794ae7b1b7e50b7fb811b0) Importer(815301076,1909f56bfc062723c751e8b465ee728b)
Number of updated assets reloaded before import = 0
Start importing Assets/TextMesh Pro/Resources/Fonts & Materials/LiberationSans SDF - Drop Shadow.mat using Guid(e73a58f6e2794ae7b1b7e50b7fb811b0) Importer(815301076,1909f56bfc062723c751e8b465ee728b)  -> (artifact id: '39256ce686605ffa4fdacfa3e7b297de') in 0.083135 seconds 
Number of asset objects unloaded after import = 2
========================================================================
Received Import Request.
  Time since last request: 0.000021 seconds.
  path: Assets/Samples/Ultraleap Tracking/6.14.0/Interaction Examples/Example Assets/Materials/IE Example SphereZ.mat
  artifactKey: Guid(896523dcb08797746b7118238fe354db) Importer(815301076,1909f56bfc062723c751e8b465ee728b)
Number of updated assets reloaded before import = 0
Start importing Assets/Samples/Ultraleap Tracking/6.14.0/Interaction Examples/Example Assets/Materials/IE Example SphereZ.mat using Guid(896523dcb08797746b7118238fe354db) Importer(815301076,1909f56bfc062723c751e8b465ee728b)  -> (artifact id: '2f03ac2045ee3c35a63d7f29812cc1b2') in 0.027424 seconds 
Number of asset objects unloaded after import = 1
========================================================================
Received Import Request.
  Time since last request: 0.071436 seconds.
  path: Assets/Samples/Ultraleap Tracking/6.14.0/Interaction Examples/Example Assets/Materials/IE Example SphereY.mat
  artifactKey: Guid(d4042b3053c957348b6879e3aa751969) Importer(815301076,1909f56bfc062723c751e8b465ee728b)
Number of updated assets reloaded before import = 0
Start importing Assets/Samples/Ultraleap Tracking/6.14.0/Interaction Examples/Example Assets/Materials/IE Example SphereY.mat using Guid(d4042b3053c957348b6879e3aa751969) Importer(815301076,1909f56bfc062723c751e8b465ee728b)  -> (artifact id: 'a80a2f54dc853ff8c2ba1fa531249b3b') in 0.025447 seconds 
Number of asset objects unloaded after import = 1
========================================================================
Received Import Request.
  Time since last request: 0.000036 seconds.
  path: Assets/Samples/Ultraleap Tracking/6.14.0/Interaction Examples/Example Assets/Materials/IE Example Slippery Floor.mat
  artifactKey: Guid(4f57ce981e8d73e4bad6f876b171592f) Importer(815301076,1909f56bfc062723c751e8b465ee728b)
Number of updated assets reloaded before import = 0
Start importing Assets/Samples/Ultraleap Tracking/6.14.0/Interaction Examples/Example Assets/Materials/IE Example Slippery Floor.mat using Guid(4f57ce981e8d73e4bad6f876b171592f) Importer(815301076,1909f56bfc062723c751e8b465ee728b)  -> (artifact id: 'ba42108e579979b75f00fa69ac178414') in 0.024220 seconds 
Number of asset objects unloaded after import = 1
========================================================================
Received Import Request.
  Time since last request: 0.047943 seconds.
  path: Assets/Samples/Ultraleap Tracking/6.14.0/Interaction Examples/Example Assets/Materials/IE Example Prism Red Inner.mat
  artifactKey: Guid(fe8d338c2c6190046ab9cde3a05d52d8) Importer(815301076,1909f56bfc062723c751e8b465ee728b)
Number of updated assets reloaded before import = 0
Start importing Assets/Samples/Ultraleap Tracking/6.14.0/Interaction Examples/Example Assets/Materials/IE Example Prism Red Inner.mat using Guid(fe8d338c2c6190046ab9cde3a05d52d8) Importer(815301076,1909f56bfc062723c751e8b465ee728b)  -> (artifact id: '1cc4176b4ae02440a1e5adbe3075d007') in 0.049723 seconds 
Number of asset objects unloaded after import = 1
========================================================================
Received Import Request.
  Time since last request: 0.418648 seconds.
  path: Assets/Samples/Ultraleap Tracking/6.14.0/Interaction Examples/Example Assets/Materials/IE Example Prism Magenta Inner.mat
  artifactKey: Guid(854b52ee442177745ac03e1917e527a6) Importer(815301076,1909f56bfc062723c751e8b465ee728b)
Number of updated assets reloaded before import = 0
Start importing Assets/Samples/Ultraleap Tracking/6.14.0/Interaction Examples/Example Assets/Materials/IE Example Prism Magenta Inner.mat using Guid(854b52ee442177745ac03e1917e527a6) Importer(815301076,1909f56bfc062723c751e8b465ee728b)  -> (artifact id: '0d22f5f3cf47abaa0bd85cff15ccfc05') in 0.021934 seconds 
Number of asset objects unloaded after import = 1
========================================================================
Received Import Request.
  Time since last request: 0.000021 seconds.
  path: Assets/Samples/Ultraleap Tracking/6.14.0/Interaction Examples/Example Assets/Materials/IE Example Prism Blue Inner.mat
  artifactKey: Guid(f99be3eba6be7de469f615e931e32b0f) Importer(815301076,1909f56bfc062723c751e8b465ee728b)
Number of updated assets reloaded before import = 0
Start importing Assets/Samples/Ultraleap Tracking/6.14.0/Interaction Examples/Example Assets/Materials/IE Example Prism Blue Inner.mat using Guid(f99be3eba6be7de469f615e931e32b0f) Importer(815301076,1909f56bfc062723c751e8b465ee728b)  -> (artifact id: '9f7b9b8fe8397ee1c27e2a9507414fd8') in 0.023818 seconds 
Number of asset objects unloaded after import = 1
========================================================================
Received Import Request.
  Time since last request: 0.020855 seconds.
  path: Assets/Samples/Ultraleap Tracking/6.14.0/Interaction Examples/Example Assets/Materials/IE Example Panel Blue.mat
  artifactKey: Guid(f5a3b806279e74b44b5bf9c4080225be) Importer(815301076,1909f56bfc062723c751e8b465ee728b)
Number of updated assets reloaded before import = 0
Start importing Assets/Samples/Ultraleap Tracking/6.14.0/Interaction Examples/Example Assets/Materials/IE Example Panel Blue.mat using Guid(f5a3b806279e74b44b5bf9c4080225be) Importer(815301076,1909f56bfc062723c751e8b465ee728b)  -> (artifact id: '6f277e855d403b084e77e241d0df0721') in 0.023791 seconds 
Number of asset objects unloaded after import = 1
========================================================================
Received Import Request.
  Time since last request: 0.000032 seconds.
  path: Assets/Samples/Ultraleap Tracking/6.14.0/Interaction Examples/Example Assets/Materials/IE Example Panel Magenta.mat
  artifactKey: Guid(2c27ee87798951a46863d8e0330c6969) Importer(815301076,1909f56bfc062723c751e8b465ee728b)
Number of updated assets reloaded before import = 0
Start importing Assets/Samples/Ultraleap Tracking/6.14.0/Interaction Examples/Example Assets/Materials/IE Example Panel Magenta.mat using Guid(2c27ee87798951a46863d8e0330c6969) Importer(815301076,1909f56bfc062723c751e8b465ee728b)  -> (artifact id: '428db4578dabe93e5b8751ab5aab76b4') in 0.026776 seconds 
Number of asset objects unloaded after import = 1
========================================================================
Received Import Request.
  Time since last request: 0.508773 seconds.
  path: Assets/Samples/Ultraleap Tracking/6.14.0/Interaction Examples/Example Assets/Materials/IE Example Light Matte.mat
  artifactKey: Guid(e3e996b13676a484ebc0a80bbb24be05) Importer(815301076,1909f56bfc062723c751e8b465ee728b)
Number of updated assets reloaded before import = 0
Start importing Assets/Samples/Ultraleap Tracking/6.14.0/Interaction Examples/Example Assets/Materials/IE Example Light Matte.mat using Guid(e3e996b13676a484ebc0a80bbb24be05) Importer(815301076,1909f56bfc062723c751e8b465ee728b)  -> (artifact id: '815c775b2bdcfa7e5286e4b26781a435') in 0.024047 seconds 
Number of asset objects unloaded after import = 1
========================================================================
Received Import Request.
  Time since last request: 0.000022 seconds.
  path: Assets/Samples/Ultraleap Tracking/6.14.0/Interaction Examples/Example Assets/Materials/IE Example Dark Matte.mat
  artifactKey: Guid(cb707237b19198f4bbc0381c5c11da15) Importer(815301076,1909f56bfc062723c751e8b465ee728b)
Number of updated assets reloaded before import = 0
Start importing Assets/Samples/Ultraleap Tracking/6.14.0/Interaction Examples/Example Assets/Materials/IE Example Dark Matte.mat using Guid(cb707237b19198f4bbc0381c5c11da15) Importer(815301076,1909f56bfc062723c751e8b465ee728b)  -> (artifact id: 'e163e6cf83595b25fe4423571ac9b88a') in 0.024439 seconds 
Number of asset objects unloaded after import = 1
========================================================================
Received Import Request.
  Time since last request: 0.018555 seconds.
  path: Assets/Samples/Ultraleap Tracking/6.14.0/Interaction Examples/Example Assets/Materials/IE Example Button Top Red.mat
  artifactKey: Guid(dc45d6090197f2d439bcbcc7422683b5) Importer(815301076,1909f56bfc062723c751e8b465ee728b)
Number of updated assets reloaded before import = 0
Start importing Assets/Samples/Ultraleap Tracking/6.14.0/Interaction Examples/Example Assets/Materials/IE Example Button Top Red.mat using Guid(dc45d6090197f2d439bcbcc7422683b5) Importer(815301076,1909f56bfc062723c751e8b465ee728b)  -> (artifact id: '97ad49863d562202f6688230d75a9193') in 0.025865 seconds 
Number of asset objects unloaded after import = 1
========================================================================
Received Import Request.
  Time since last request: 0.024784 seconds.
  path: Assets/Samples/Ultraleap Tracking/6.14.0/Interaction Examples/Example Assets/Materials/IE Example Button Panel.mat
  artifactKey: Guid(a3927224a38b4c74eb9e223111df6924) Importer(815301076,1909f56bfc062723c751e8b465ee728b)
Number of updated assets reloaded before import = 0
Start importing Assets/Samples/Ultraleap Tracking/6.14.0/Interaction Examples/Example Assets/Materials/IE Example Button Panel.mat using Guid(a3927224a38b4c74eb9e223111df6924) Importer(815301076,1909f56bfc062723c751e8b465ee728b)  -> (artifact id: 'cb5bd383417242782fca1c69437d9c55') in 0.024115 seconds 
Number of asset objects unloaded after import = 1
========================================================================
Received Import Request.
  Time since last request: 0.000028 seconds.
  path: Assets/Samples/Ultraleap Tracking/6.14.0/Interaction Examples/Example Assets/Materials/IE Example Button Top Blue.mat
  artifactKey: Guid(cc811fdfe128d1645a49b0bed5b1cf28) Importer(815301076,1909f56bfc062723c751e8b465ee728b)
Number of updated assets reloaded before import = 0
Start importing Assets/Samples/Ultraleap Tracking/6.14.0/Interaction Examples/Example Assets/Materials/IE Example Button Top Blue.mat using Guid(cc811fdfe128d1645a49b0bed5b1cf28) Importer(815301076,1909f56bfc062723c751e8b465ee728b)  -> (artifact id: '2cb5609982d45bd4f1ff9e77a435ec41') in 0.025168 seconds 
Number of asset objects unloaded after import = 1
========================================================================
Received Import Request.
  Time since last request: 0.151937 seconds.
  path: Assets/Samples/Ultraleap Tracking/6.14.0/Interaction Examples/Example Assets/Materials/IE Example Button Blue.mat
  artifactKey: Guid(2b0b0f5d22d773a439b6e3f7f0f0db48) Importer(815301076,1909f56bfc062723c751e8b465ee728b)
Number of updated assets reloaded before import = 0
Start importing Assets/Samples/Ultraleap Tracking/6.14.0/Interaction Examples/Example Assets/Materials/IE Example Button Blue.mat using Guid(2b0b0f5d22d773a439b6e3f7f0f0db48) Importer(815301076,1909f56bfc062723c751e8b465ee728b)  -> (artifact id: '0e4296804528c6f906258d04e8adcc19') in 0.028224 seconds 
Number of asset objects unloaded after import = 1
========================================================================
Received Import Request.
  Time since last request: 0.004003 seconds.
  path: Assets/Samples/Ultraleap Tracking/6.14.0/Interaction Examples/Example Assets/Materials/IE Example Anchor Red.mat
  artifactKey: Guid(7b8e8fb53123e87458def40ee25598ae) Importer(815301076,1909f56bfc062723c751e8b465ee728b)
Number of updated assets reloaded before import = 0
Start importing Assets/Samples/Ultraleap Tracking/6.14.0/Interaction Examples/Example Assets/Materials/IE Example Anchor Red.mat using Guid(7b8e8fb53123e87458def40ee25598ae) Importer(815301076,1909f56bfc062723c751e8b465ee728b)  -> (artifact id: '5fc3f4d64331cbf5b61195bfd38a6cfe') in 0.023863 seconds 
Number of asset objects unloaded after import = 1
========================================================================
Received Import Request.
  Time since last request: 0.022927 seconds.
  path: Assets/Samples/Ultraleap Tracking/6.14.0/Interaction Examples/Example Assets/Materials/IE Example Anchor Blue.mat
  artifactKey: Guid(668490d1e2537624c99ab58447146100) Importer(815301076,1909f56bfc062723c751e8b465ee728b)
Number of updated assets reloaded before import = 0
Start importing Assets/Samples/Ultraleap Tracking/6.14.0/Interaction Examples/Example Assets/Materials/IE Example Anchor Blue.mat using Guid(668490d1e2537624c99ab58447146100) Importer(815301076,1909f56bfc062723c751e8b465ee728b)  -> (artifact id: '8ec2b3cade900873440ffb16b3179637') in 0.022558 seconds 
Number of asset objects unloaded after import = 1
========================================================================
Received Import Request.
  Time since last request: 0.000033 seconds.
  path: Assets/Samples/Ultraleap Tracking/6.14.0/Interaction Examples/Example Assets/Materials/Grey Transparent Standard.mat
  artifactKey: Guid(f151f4541c949d949aa6dd5050692396) Importer(815301076,1909f56bfc062723c751e8b465ee728b)
Number of updated assets reloaded before import = 0
Start importing Assets/Samples/Ultraleap Tracking/6.14.0/Interaction Examples/Example Assets/Materials/Grey Transparent Standard.mat using Guid(f151f4541c949d949aa6dd5050692396) Importer(815301076,1909f56bfc062723c751e8b465ee728b)  -> (artifact id: '857c9c6b3eda04a108216935b34baa42') in 0.025443 seconds 
Number of asset objects unloaded after import = 1
========================================================================
Received Import Request.
  Time since last request: 0.160694 seconds.
  path: Assets/Samples/Ultraleap Tracking/6.14.0/Interaction Examples/Example Assets/Materials/Green Standard.mat
  artifactKey: Guid(1c98be40e6a99764cb9e35b111f81340) Importer(815301076,1909f56bfc062723c751e8b465ee728b)
Number of updated assets reloaded before import = 0
Start importing Assets/Samples/Ultraleap Tracking/6.14.0/Interaction Examples/Example Assets/Materials/Green Standard.mat using Guid(1c98be40e6a99764cb9e35b111f81340) Importer(815301076,1909f56bfc062723c751e8b465ee728b)  -> (artifact id: '650c6fde60cb34996adb20d72a9d1d8a') in 0.024393 seconds 
Number of asset objects unloaded after import = 1
========================================================================
Received Import Request.
  Time since last request: 0.000034 seconds.
  path: Assets/Samples/Ultraleap Tracking/6.14.0/Interaction Examples/Example Assets/Materials/Gradient Skybox.mat
  artifactKey: Guid(a19f3d584ac09014da308d07437d1077) Importer(815301076,1909f56bfc062723c751e8b465ee728b)
Number of updated assets reloaded before import = 0
Start importing Assets/Samples/Ultraleap Tracking/6.14.0/Interaction Examples/Example Assets/Materials/Gradient Skybox.mat using Guid(a19f3d584ac09014da308d07437d1077) Importer(815301076,1909f56bfc062723c751e8b465ee728b)  -> (artifact id: '8b9aea1162c7f19e37aeae3645235cc9') in 0.025498 seconds 
Number of asset objects unloaded after import = 1
========================================================================
Received Import Request.
  Time since last request: 0.214428 seconds.
  path: Assets/TextMesh Pro/Fonts/LiberationSans.ttf
  artifactKey: Guid(e3265ab4bf004d28a9537516768c1c75) Importer(815301076,1909f56bfc062723c751e8b465ee728b)
Number of updated assets reloaded before import = 0
Start importing Assets/TextMesh Pro/Fonts/LiberationSans.ttf using Guid(e3265ab4bf004d28a9537516768c1c75) Importer(815301076,1909f56bfc062723c751e8b465ee728b)  -> (artifact id: '745be3531aef4d7903c2c043cabc52b6') in 0.044248 seconds 
Number of asset objects unloaded after import = 4
========================================================================
Received Import Request.
  Time since last request: 0.000031 seconds.
  path: Assets/TextMesh Pro/Examples & Extras/Fonts/Oswald-Bold.ttf
  artifactKey: Guid(c9f6d0e7bc8541498c9a4799ba184ede) Importer(815301076,1909f56bfc062723c751e8b465ee728b)
Number of updated assets reloaded before import = 0
Start importing Assets/TextMesh Pro/Examples & Extras/Fonts/Oswald-Bold.ttf using Guid(c9f6d0e7bc8541498c9a4799ba184ede) Importer(815301076,1909f56bfc062723c751e8b465ee728b)  -> (artifact id: '37e69ae790a4f3d4e42463e3a9ef95e6') in 0.035279 seconds 
Number of asset objects unloaded after import = 4
========================================================================
Received Import Request.
  Time since last request: 0.000069 seconds.
  path: Assets/TextMesh Pro/Examples & Extras/Fonts/Electronic Highway Sign.TTF
  artifactKey: Guid(8a2b9e2a607dd2143b58c44bc32410b4) Importer(815301076,1909f56bfc062723c751e8b465ee728b)
Number of updated assets reloaded before import = 0
Start importing Assets/TextMesh Pro/Examples & Extras/Fonts/Electronic Highway Sign.TTF using Guid(8a2b9e2a607dd2143b58c44bc32410b4) Importer(815301076,1909f56bfc062723c751e8b465ee728b)  -> (artifact id: 'e0e879db12a586165d4d44f3438f3e51') in 0.046697 seconds 
Number of asset objects unloaded after import = 4
========================================================================
Received Import Request.
  Time since last request: 0.304393 seconds.
  path: Assets/Samples/Ultraleap Tracking/6.14.0/Interaction Examples/Example Assets/Materials/Floor.mat
  artifactKey: Guid(f745b6e649899ab448e8c5297a107c8e) Importer(815301076,1909f56bfc062723c751e8b465ee728b)
Number of updated assets reloaded before import = 0
Start importing Assets/Samples/Ultraleap Tracking/6.14.0/Interaction Examples/Example Assets/Materials/Floor.mat using Guid(f745b6e649899ab448e8c5297a107c8e) Importer(815301076,1909f56bfc062723c751e8b465ee728b)  -> (artifact id: '2255296d12f83e9fe7805f3d60920d60') in 0.024532 seconds 
Number of asset objects unloaded after import = 1
========================================================================
Received Import Request.
  Time since last request: 0.058141 seconds.
  path: Assets/TextMesh Pro/Examples & Extras/Resources/Fonts & Materials/Electronic Highway Sign SDF.asset
  artifactKey: Guid(dc36b3fdc14f47ebb36fd484a67e268a) Importer(815301076,1909f56bfc062723c751e8b465ee728b)
Number of updated assets reloaded before import = 0
Start importing Assets/TextMesh Pro/Examples & Extras/Resources/Fonts & Materials/Electronic Highway Sign SDF.asset using Guid(dc36b3fdc14f47ebb36fd484a67e268a) Importer(815301076,1909f56bfc062723c751e8b465ee728b)  -> (artifact id: '96cf7f96fdabb19d9ebb9ba548a81ac5') in 0.041357 seconds 
Number of asset objects unloaded after import = 6
========================================================================
Received Import Request.
  Time since last request: 0.000970 seconds.
  path: Assets/Samples/Ultraleap Tracking/6.14.0/Interaction Examples/Example Assets/3D Models/Physical Hands/ObjectTubeCap.obj
  artifactKey: Guid(0dd89aa3243d4f04487c52e5f5f1ea95) Importer(815301076,1909f56bfc062723c751e8b465ee728b)
Number of updated assets reloaded before import = 0
Start importing Assets/Samples/Ultraleap Tracking/6.14.0/Interaction Examples/Example Assets/3D Models/Physical Hands/ObjectTubeCap.obj using Guid(0dd89aa3243d4f04487c52e5f5f1ea95) Importer(815301076,1909f56bfc062723c751e8b465ee728b)  -> (artifact id: 'dfc452123c5b4b7d2ca5ede32830ee0a') in 0.107771 seconds 
Number of asset objects unloaded after import = 10
========================================================================
Received Import Request.
  Time since last request: 0.000036 seconds.
  path: Assets/Samples/Ultraleap Tracking/6.14.0/Interaction Examples/Example Assets/3D Models/Physical Hands/CupboardUnitHandle.obj
  artifactKey: Guid(6bac5da024b099947b461d0b55828b16) Importer(815301076,1909f56bfc062723c751e8b465ee728b)
Number of updated assets reloaded before import = 0
Start importing Assets/Samples/Ultraleap Tracking/6.14.0/Interaction Examples/Example Assets/3D Models/Physical Hands/CupboardUnitHandle.obj using Guid(6bac5da024b099947b461d0b55828b16) Importer(815301076,1909f56bfc062723c751e8b465ee728b)  -> (artifact id: '6ea1ed1c6c06d88210bd8c4882cff276') in 0.054875 seconds 
Number of asset objects unloaded after import = 10
========================================================================
Received Import Request.
  Time since last request: 1.705580 seconds.
  path: Assets/Samples/Ultraleap Tracking/6.14.0/Interaction Examples/Example Assets/3D Models/Physical Hands/ObjectTubeLandingPad.obj
  artifactKey: Guid(8e599e5aef377444980f9b820f591b09) Importer(815301076,1909f56bfc062723c751e8b465ee728b)
Number of updated assets reloaded before import = 0
Start importing Assets/Samples/Ultraleap Tracking/6.14.0/Interaction Examples/Example Assets/3D Models/Physical Hands/ObjectTubeLandingPad.obj using Guid(8e599e5aef377444980f9b820f591b09) Importer(815301076,1909f56bfc062723c751e8b465ee728b)  -> (artifact id: 'a0f750009d9dc94d666abae4977b0593') in 0.058470 seconds 
Number of asset objects unloaded after import = 10
========================================================================
Received Import Request.
  Time since last request: 0.000798 seconds.
  path: Assets/Samples/Ultraleap Tracking/6.14.0/Interaction Examples/Example Assets/Materials/Physical Hands/Button-bg.mat
  artifactKey: Guid(8bf483d1467d72c418541702679a30a2) Importer(815301076,1909f56bfc062723c751e8b465ee728b)
Number of updated assets reloaded before import = 0
Start importing Assets/Samples/Ultraleap Tracking/6.14.0/Interaction Examples/Example Assets/Materials/Physical Hands/Button-bg.mat using Guid(8bf483d1467d72c418541702679a30a2) Importer(815301076,1909f56bfc062723c751e8b465ee728b)  -> (artifact id: '68c4637c3e9172903c3352e18f821e0d') in 0.026971 seconds 
Number of asset objects unloaded after import = 1
========================================================================
Received Import Request.
  Time since last request: 0.000049 seconds.
  path: Assets/Samples/Ultraleap Tracking/6.14.0/Interaction Examples/Example Assets/3D Models/Physical Hands/CupboardUnitBase.obj
  artifactKey: Guid(6db4c5574ee610446a79378e7a3faeee) Importer(815301076,1909f56bfc062723c751e8b465ee728b)
Number of updated assets reloaded before import = 0
Start importing Assets/Samples/Ultraleap Tracking/6.14.0/Interaction Examples/Example Assets/3D Models/Physical Hands/CupboardUnitBase.obj using Guid(6db4c5574ee610446a79378e7a3faeee) Importer(815301076,1909f56bfc062723c751e8b465ee728b)  -> (artifact id: 'af0a7838313f2f30defe544377eeac10') in 0.060122 seconds 
Number of asset objects unloaded after import = 10
========================================================================
Received Import Request.
  Time since last request: 0.000034 seconds.
  path: Assets/Samples/Ultraleap Tracking/6.14.0/Interaction Examples/Example Assets/Materials/Blue Dark Standard.mat
  artifactKey: Guid(ba8a2058b03e6714ca9d242b51bb0580) Importer(815301076,1909f56bfc062723c751e8b465ee728b)
Number of updated assets reloaded before import = 0
Start importing Assets/Samples/Ultraleap Tracking/6.14.0/Interaction Examples/Example Assets/Materials/Blue Dark Standard.mat using Guid(ba8a2058b03e6714ca9d242b51bb0580) Importer(815301076,1909f56bfc062723c751e8b465ee728b)  -> (artifact id: '0063d3945c04aa432deadb315d4e8646') in 0.024237 seconds 
Number of asset objects unloaded after import = 1
========================================================================
Received Import Request.
  Time since last request: 0.000043 seconds.
  path: Assets/Samples/Ultraleap Tracking/6.14.0/Interaction Examples/Example Assets/Materials/Physical Hands/Catapult.mat
  artifactKey: Guid(51700d51dbc4b474591159d3e06d1eda) Importer(815301076,1909f56bfc062723c751e8b465ee728b)
Number of updated assets reloaded before import = 0
Start importing Assets/Samples/Ultraleap Tracking/6.14.0/Interaction Examples/Example Assets/Materials/Physical Hands/Catapult.mat using Guid(51700d51dbc4b474591159d3e06d1eda) Importer(815301076,1909f56bfc062723c751e8b465ee728b)  -> (artifact id: 'a199f00194e700d031657588d12209a4') in 0.025658 seconds 
Number of asset objects unloaded after import = 1
========================================================================
Received Import Request.
  Time since last request: 0.000020 seconds.
  path: Assets/Samples/Ultraleap Tracking/6.14.0/Interaction Examples/Example Assets/Materials/Blue Standard.mat
  artifactKey: Guid(64c9f49445bfa804299126cc11bfd4e7) Importer(815301076,1909f56bfc062723c751e8b465ee728b)
Number of updated assets reloaded before import = 0
Start importing Assets/Samples/Ultraleap Tracking/6.14.0/Interaction Examples/Example Assets/Materials/Blue Standard.mat using Guid(64c9f49445bfa804299126cc11bfd4e7) Importer(815301076,1909f56bfc062723c751e8b465ee728b)  -> (artifact id: '7acc5e11e9a0c202cb3460266d772a69') in 0.024994 seconds 
Number of asset objects unloaded after import = 1
========================================================================
Received Import Request.
  Time since last request: 0.190185 seconds.
  path: Assets/Samples/Ultraleap Tracking/6.14.0/Interaction Examples/Example Assets/Materials/Base_Colour.mat
  artifactKey: Guid(f41c353172daae048971b421d489d553) Importer(815301076,1909f56bfc062723c751e8b465ee728b)
Number of updated assets reloaded before import = 0
Start importing Assets/Samples/Ultraleap Tracking/6.14.0/Interaction Examples/Example Assets/Materials/Base_Colour.mat using Guid(f41c353172daae048971b421d489d553) Importer(815301076,1909f56bfc062723c751e8b465ee728b)  -> (artifact id: '1e8ead8a7c8f80d7a903c966265d2569') in 0.022875 seconds 
Number of asset objects unloaded after import = 1
Editor requested this worker to shutdown with reason: Scaling down because of idle timeout
AssetImportWorker is now disconnected from the server
Process exiting
Exiting without the bug reporter. Application will terminate with return code 0